app/[locale]/(platform)/feed/FeedPageClient.tsx(194,14): error TS2741: Property 'params' is missing in type '{ moments: MomentWithPersona[]; onReact: (momentId: string, emoji: string, isAdding: boolean) => Promise<void>; onView: (momentId: string) => Promise<void>; ... 4 more ...; onFilterChange: (newFilter: string) => void; }' but required in type 'FeedLayoutProps'.
app/[locale]/(platform)/feed/page.tsx(116,13): error TS2322: Type '{ id: any; persona_id: any; created_by_user_id: any; media_type: "image" | "video"; image_url: any; video_url: any; thumbnail_url: any; duration_seconds: any; caption: any; created_at: any; likes_count: any; ... 4 more ...; userReactions: string[]; }[]' is not assignable to type 'MomentWithPersona[]'.
  Type '{ id: any; persona_id: any; created_by_user_id: any; media_type: "image" | "video"; image_url: any; video_url: any; thumbnail_url: any; duration_seconds: any; caption: any; created_at: any; likes_count: any; ... 4 more ...; userReactions: string[]; }' is missing the following properties from type 'MomentWithPersona': comments_count, shares_count, bookmarks_count
app/[locale]/admin/media/page.tsx(57,27): error TS2304: Cannot find name 'useRef'.
app/api/audio/cache/stats/route.ts(44,32): error TS2554: Expected 1 arguments, but got 0.
app/api/audio/clone/route.ts(9,26): error TS2554: Expected 1 arguments, but got 0.
app/api/audio/clone/route.ts(66,27): error TS2339: Property 'cloneVoice' does not exist on type 'KokoroProvider'.
app/api/audio/clone/route.ts(70,36): error TS2339: Property 'cloneVoice' does not exist on type 'KokoroProvider'.
app/api/audio/voices/route.ts(18,9): error TS2353: Object literal may only specify known properties, and 'isNeural' does not exist in type 'Voice'.
app/api/audio/voices/route.ts(31,9): error TS2353: Object literal may only specify known properties, and 'isNeural' does not exist in type 'Voice'.
app/api/audio/voices/route.ts(44,9): error TS2353: Object literal may only specify known properties, and 'isNeural' does not exist in type 'Voice'.
app/api/audio/voices/route.ts(57,9): error TS2353: Object literal may only specify known properties, and 'isNeural' does not exist in type 'Voice'.
app/api/audio/voices/route.ts(70,9): error TS2353: Object literal may only specify known properties, and 'isNeural' does not exist in type 'Voice'.
app/api/audio/voices/route.ts(83,9): error TS2353: Object literal may only specify known properties, and 'isNeural' does not exist in type 'Voice'.
app/api/audio/voices/route.ts(96,9): error TS2353: Object literal may only specify known properties, and 'isNeural' does not exist in type 'Voice'.
app/api/audio/voices/route.ts(108,9): error TS2353: Object literal may only specify known properties, and 'isNeural' does not exist in type 'Voice'.
app/api/audio/voices/route.ts(120,9): error TS2353: Object literal may only specify known properties, and 'isNeural' does not exist in type 'Voice'.
app/api/audio/voices/route.ts(138,30): error TS2554: Expected 1 arguments, but got 0.
app/api/moments/feed/route.ts(51,13): error TS2322: Type 'PostgrestFilterBuilder<any, any, any, { id: any; persona_id: any; created_by_user_id: any; media_type: any; image_url: any; video_url: any; thumbnail_url: any; duration_seconds: any; caption: any; created_at: any; ... 8 more ...; moment_bookmarks: { ...; }[]; }[], "moments", unknown, "GET">' is not assignable to type 'PostgrestFilterBuilder<any, any, any, { id: any; persona_id: any; created_by_user_id: any; media_type: any; image_url: any; video_url: any; thumbnail_url: any; duration_seconds: any; caption: any; created_at: any; ... 7 more ...; personas: { ...; }[]; }[], "moments", unknown, "GET">'.
  Type '{ id: any; persona_id: any; created_by_user_id: any; media_type: any; image_url: any; video_url: any; thumbnail_url: any; duration_seconds: any; caption: any; created_at: any; likes_count: any; comments_count: any; ... 5 more ...; personas: { ...; }[]; }[]' is not assignable to type '{ id: any; persona_id: any; created_by_user_id: any; media_type: any; image_url: any; video_url: any; thumbnail_url: any; duration_seconds: any; caption: any; created_at: any; likes_count: any; comments_count: any; ... 6 more ...; moment_bookmarks: { ...; }[]; }[]'.
    Property 'moment_bookmarks' is missing in type '{ id: any; persona_id: any; created_by_user_id: any; media_type: any; image_url: any; video_url: any; thumbnail_url: any; duration_seconds: any; caption: any; created_at: any; likes_count: any; comments_count: any; ... 5 more ...; personas: { ...; }[]; }' but required in type '{ id: any; persona_id: any; created_by_user_id: any; media_type: any; image_url: any; video_url: any; thumbnail_url: any; duration_seconds: any; caption: any; created_at: any; likes_count: any; comments_count: any; ... 6 more ...; moment_bookmarks: { ...; }[]; }'.
app/api/moments/feed/route.ts(51,13): error TS2589: Type instantiation is excessively deep and possibly infinite.
components/layout/MinimalSidebar.tsx(49,12): error TS2304: Cannot find name 'User'.
components/moments/MomentsGallery.tsx(287,11): error TS2322: Type '{ id: string; persona_id: string; created_by_user_id: null; media_type: "image" | "video"; image_url: string; video_url: string | null; thumbnail_url: string | null; duration_seconds: null; ... 7 more ...; persona: { ...; }; }[]' is not assignable to type '(MomentWithPersona & { userReactions?: string[] | undefined; })[]'.
  Type '{ id: string; persona_id: string; created_by_user_id: null; media_type: "image" | "video"; image_url: string; video_url: string | null; thumbnail_url: string | null; duration_seconds: null; ... 7 more ...; persona: { ...; }; }' is not assignable to type 'MomentWithPersona & { userReactions?: string[] | undefined; }'.
    Type '{ id: string; persona_id: string; created_by_user_id: null; media_type: "image" | "video"; image_url: string; video_url: string | null; thumbnail_url: string | null; duration_seconds: null; ... 7 more ...; persona: { ...; }; }' is missing the following properties from type 'MomentWithPersona': comments_count, shares_count, bookmarks_count
components/moments/MomentsGallery.tsx(358,18): error TS2739: Type '{ moments: (MomentWithPersona & { userReactions?: string[] | undefined; })[]; onReact: (momentId: string, emoji: string, isAdding: boolean) => Promise<void>; onView: (momentId: string) => Promise<...>; onLoadMore: () => Promise<...>; hasMore: boolean; isLoading: boolean; }' is missing the following properties from type 'FeedLayoutProps': params, currentFilter, onFilterChange
components/studio/VoiceTester.tsx(44,13): error TS2783: 'voiceId' is specified more than once, so this usage will be overwritten.
docs/examples/audio-cache-warming.ts(153,25): error TS2339: Property 'voice_id' does not exist on type 'never'.
docs/examples/audio-cache-warming.ts(154,48): error TS2339: Property 'id' does not exist on type 'never'.
docs/examples/audio-cache-warming.ts(154,60): error TS2339: Property 'voice_id' does not exist on type 'never'.
lib/audio/AudioCacheManager.ts(382,23): error TS2345: Argument of type '(a: {    count: number;}, b: {    count: number;}) => number' is not assignable to parameter of type '(a: { voiceId: string; count: unknown; }, b: { voiceId: string; count: unknown; }) => number'.
  Types of parameters 'a' and 'a' are incompatible.
    Type '{ voiceId: string; count: unknown; }' is not assignable to type '{ count: number; }'.
      Types of property 'count' are incompatible.
        Type 'unknown' is not assignable to type 'number'.
lib/audio/AudioCacheManager.ts(392,17): error TS2322: Type '{ voiceId: string; count: unknown; }[]' is not assignable to type '{ voiceId: string; count: number; }[]'.
  Type '{ voiceId: string; count: unknown; }' is not assignable to type '{ voiceId: string; count: number; }'.
    Types of property 'count' are incompatible.
      Type 'unknown' is not assignable to type 'number'.
lib/audio/analytics.ts(4,60): error TS2339: Property 'audio_cache' does not exist on type '{ assistant_collections: { Row: { assistant_id: string; collection_id: string; created_at: string; updated_at: string | null; user_id: string; }; Insert: { assistant_id: string; collection_id: string; created_at?: string | undefined; updated_at?: string | ... 1 more ... | undefined; user_id: string; }; Update: { ......'.
tests/audio/api-routes.test.ts(20,46): error TS2345: Argument of type '{ data: { user: { id: string; }; }; error: null; }' is not assignable to parameter of type 'never'.
tests/audio/api-routes.test.ts(30,45): error TS2345: Argument of type '{ error: null; }' is not assignable to parameter of type 'never'.
tests/audio/api-routes.test.ts(31,45): error TS2345: Argument of type '{ data: { path: string; }; error: null; }' is not assignable to parameter of type 'never'.
tests/audio/api-routes.test.ts(41,42): error TS2345: Argument of type '{ get: Mock<UnknownFunction>; set: Mock<UnknownFunction>; }' is not assignable to parameter of type 'never'.
tests/audio/api-routes.test.ts(84,57): error TS2345: Argument of type '{ data: { user: null; }; error: null; }' is not assignable to parameter of type 'never'.
tests/audio/api-routes.test.ts(91,57): error TS2345: Argument of type '{ data: { user: { id: string; }; }; error: null; }' is not assignable to parameter of type 'never'.
tests/audio/cache.test.ts(7,48): error TS2345: Argument of type '{ error: null; }' is not assignable to parameter of type 'never'.
tests/audio/cache.test.ts(30,45): error TS2345: Argument of type '{ error: null; }' is not assignable to parameter of type 'never'.
tests/audio/cache.test.ts(73,50): error TS2345: Argument of type '{ error: null; }' is not assignable to parameter of type 'never'.
tests/audio/cache.test.ts(78,82): error TS2345: Argument of type '{ error: null; }' is not assignable to parameter of type 'never'.
tests/audio/cache.test.ts(84,42): error TS2345: Argument of type '{ data: { id: string; audio_url: string; access_count: number; last_accessed_at: string; created_at: string; }; error: null; }' is not assignable to parameter of type 'never'.
tests/audio/cache.test.ts(88,74): error TS2345: Argument of type '{ error: null; }' is not assignable to parameter of type 'never'.
tests/audio/cache.test.ts(94,42): error TS2345: Argument of type '{ data: null; error: { message: string; }; }' is not assignable to parameter of type 'never'.
tests/audio/cache.test.ts(100,42): error TS2345: Argument of type '{ error: null; }' is not assignable to parameter of type 'never'.
tests/audio/cache.test.ts(121,42): error TS2345: Argument of type '{ data: any[]; error: null; }' is not assignable to parameter of type 'never'.
tests/audio/cache.test.ts(135,49): error TS2345: Argument of type '{ data: { id: string; }[]; error: null; }' is not assignable to parameter of type 'never'.
tests/audio/cache.test.ts(139,49): error TS2345: Argument of type '{ error: null; }' is not assignable to parameter of type 'never'.
tests/audio/cache.test.ts(152,42): error TS2345: Argument of type '{ data: { id: string; file_size_bytes: number; access_count: number; created_at: string; voice_id: string; }[]; error: null; }' is not assignable to parameter of type 'never'.
tests/audio/generate-route.test.ts(29,35): error TS7006: Parameter 'v' implicitly has an 'any' type.
tests/audio/generate-route.test.ts(29,38): error TS7006: Parameter 'k' implicitly has an 'any' type.
tests/audio/generate-route.test.ts(93,45): error TS2345: Argument of type '{ data: { path: string; }; error: null; }' is not assignable to parameter of type 'never'.
tests/audio/generate-route.test.ts(103,42): error TS2345: Argument of type '{}' is not assignable to parameter of type 'never'.
tests/audio/generate-route.test.ts(119,43): error TS2345: Argument of type '{}' is not assignable to parameter of type 'never'.
tests/audio/generate-route.test.ts(128,53): error TS2345: Argument of type '{ data: { user: { id: string; }; }; error: null; }' is not assignable to parameter of type 'never'.
tests/audio/generate-route.test.ts(133,45): error TS2345: Argument of type '{ audioUrl: string; duration: number; fileSize: number; hitCount: number; lastAccessed: Date; createdAt: Date; }' is not assignable to parameter of type 'never'.
tests/audio/generate-route.test.ts(143,51): error TS2345: Argument of type '{ data: { voice_provider: string; voice_id: string; voice_settings: {}; }; error: null; }' is not assignable to parameter of type 'never'.
tests/audio/generate-route.test.ts(162,45): error TS2345: Argument of type 'null' is not assignable to parameter of type 'never'.
tests/audio/generate-route.test.ts(165,51): error TS2345: Argument of type '{ data: { voice_provider: string; voice_id: string; voice_settings: {}; }; error: null; }' is not assignable to parameter of type 'never'.
tests/audio/generate-route.test.ts(186,57): error TS2345: Argument of type '{ data: { user: null; }; error: string; }' is not assignable to parameter of type 'never'.
tests/audio/integration.test.ts(156,46): error TS2345: Argument of type '{ data: { user: { id: string; }; }; error: null; }' is not assignable to parameter of type 'never'.
tests/audio/integration.test.ts(174,45): error TS2345: Argument of type '{ data: { path: string; }; error: null; }' is not assignable to parameter of type 'never'.
tests/audio/integration.test.ts(175,45): error TS2345: Argument of type '{ error: null; }' is not assignable to parameter of type 'never'.
tests/audio/integration.test.ts(185,42): error TS2345: Argument of type '{ get: Mock<UnknownFunction>; set: Mock<UnknownFunction>; }' is not assignable to parameter of type 'never'.
tests/audio/integration.test.ts(200,56): error TS2345: Argument of type '{ audio: ArrayBuffer; audioUrl: string; cached: boolean; duration: number; metadata: { provider: string; voiceId: string; textHash: string; generationTimeMs: number; characterCount: number; }; }' is not assignable to parameter of type 'never'.
tests/audio/integration.test.ts(216,45): error TS2345: Argument of type 'never[]' is not assignable to parameter of type 'never'.
tests/audio/integration.test.ts(217,47): error TS2345: Argument of type '{}' is not assignable to parameter of type 'never'.
tests/audio/integration.test.ts(218,52): error TS2345: Argument of type '{ available: boolean; }' is not assignable to parameter of type 'never'.
tests/audio/integration.test.ts(219,48): error TS2345: Argument of type '{ totalEntries: number; }' is not assignable to parameter of type 'never'.
tests/audio/integration.test.ts(220,45): error TS2345: Argument of type '{ deletedCount: number; }' is not assignable to parameter of type 'never'.
tests/audio/integration.test.ts(242,43): error TS2345: Argument of type 'any' is not assignable to parameter of type 'never'.
tests/audio/integration.test.ts(249,49): error TS2345: Argument of type '{ data: { user: { id: string; }; }; error: null; }' is not assignable to parameter of type 'never'.
tests/audio/integration.test.ts(250,46): error TS2345: Argument of type '{ data: { id: string; user_id: string; voice_provider: string; voice_id: string; voice_settings: { rate: number; pitch: number; }; welcome_audio_url: null; }; error: null; }' is not assignable to parameter of type 'never'.
tests/audio/integration.test.ts(251,46): error TS2345: Argument of type '{ error: null; }' is not assignable to parameter of type 'never'.
tests/audio/integration.test.ts(252,46): error TS2345: Argument of type '{ error: null; }' is not assignable to parameter of type 'never'.
tests/audio/integration.test.ts(253,43): error TS2345: Argument of type '{ data: number; error: null; }' is not assignable to parameter of type 'never'.
tests/audio/integration.test.ts(287,44): error TS2345: Argument of type '{ data: { id: string; user_id: string; voice_provider: string; voice_id: string; voice_settings: { rate: number; pitch: number; }; welcome_audio_url: null; }; error: null; }' is not assignable to parameter of type 'never'.
tests/audio/integration.test.ts(288,44): error TS2345: Argument of type '{ data: null; error: { message: string; }; }' is not assignable to parameter of type 'never'.
tests/audio/integration.test.ts(312,50): error TS2345: Argument of type '{ data: { id: string; user_id: string; voice_provider: string; voice_id: string; voice_settings: { rate: number; pitch: number; }; welcome_audio_url: null; }; error: null; }' is not assignable to parameter of type 'never'.
tests/audio/integration.test.ts(352,44): error TS2345: Argument of type '{ data: { id: string; user_id: string; voice_provider: string; voice_id: string; voice_settings: { rate: number; pitch: number; }; welcome_audio_url: null; }; error: null; }' is not assignable to parameter of type 'never'.
tests/audio/integration.test.ts(353,44): error TS2345: Argument of type '{ data: { subscription_tier: string; id: string; is_admin: boolean; }; error: null; }' is not assignable to parameter of type 'never'.
tests/audio/integration.test.ts(375,44): error TS2345: Argument of type '{ data: { voice_provider: string; id: string; user_id: string; voice_id: string; voice_settings: { rate: number; pitch: number; }; welcome_audio_url: null; }; error: null; }' is not assignable to parameter of type 'never'.
tests/audio/integration.test.ts(379,47): error TS2345: Argument of type '{ data: number; error: null; }' is not assignable to parameter of type 'never'.
tests/audio/integration.test.ts(406,46): error TS2345: Argument of type '{ data: { voice_provider: string; id: string; user_id: string; voice_id: string; voice_settings: { rate: number; pitch: number; }; welcome_audio_url: null; }; error: null; }' is not assignable to parameter of type 'never'.
tests/audio/integration.test.ts(432,46): error TS2345: Argument of type '{ data: { voice_provider: string; id: string; user_id: string; voice_id: string; voice_settings: { rate: number; pitch: number; }; welcome_audio_url: null; }; error: null; }' is not assignable to parameter of type 'never'.
tests/audio/integration.test.ts(503,46): error TS2345: Argument of type '{ error: null; }' is not assignable to parameter of type 'never'.
tests/audio/integration.test.ts(520,43): error TS2345: Argument of type '{ data: number; error: null; }' is not assignable to parameter of type 'never'.
tests/audio/integration.test.ts(532,43): error TS2345: Argument of type '{ data: number; error: null; }' is not assignable to parameter of type 'never'.
tests/audio/integration.test.ts(544,43): error TS2345: Argument of type '{ data: number; error: null; }' is not assignable to parameter of type 'never'.
tests/audio/integration.test.ts(563,46): error TS2345: Argument of type '{ data: { id: string; audio_url: string; access_count: number; last_accessed_at: string; created_at: string; file_size_bytes: number; duration_seconds: number; }; error: null; }' is not assignable to parameter of type 'never'.
tests/audio/integration.test.ts(567,74): error TS2345: Argument of type '{ error: null; }' is not assignable to parameter of type 'never'.
tests/audio/integration.test.ts(578,46): error TS2345: Argument of type '{ error: null; }' is not assignable to parameter of type 'never'.
tests/audio/integration.test.ts(593,46): error TS2345: Argument of type '{ data: { access_count: number; id: string; audio_url: string; last_accessed_at: string; created_at: string; file_size_bytes: number; duration_seconds: number; }; error: null; }' is not assignable to parameter of type 'never'.
tests/audio/integration.test.ts(597,74): error TS2345: Argument of type '{ error: null; }' is not assignable to parameter of type 'never'.
tests/audio/integration.test.ts(608,46): error TS2345: Argument of type '{ data: any[]; error: null; }' is not assignable to parameter of type 'never'.
tests/audio/integration.test.ts(627,46): error TS2345: Argument of type '{ data: { id: string; file_size_bytes: number; access_count: number; created_at: string; voice_id: string; }[]; error: null; }' is not assignable to parameter of type 'never'.
tests/audio/integration.test.ts(669,46): error TS2345: Argument of type '{ data: { id: string; }[]; count: number; error: null; }' is not assignable to parameter of type 'never'.
tests/audio/integration.test.ts(690,61): error TS2345: Argument of type '{ data: { user: { id: string; }; }; error: null; }' is not assignable to parameter of type 'never'.
tests/audio/integration.test.ts(696,46): error TS2345: Argument of type '{ data: { is_admin: boolean; }; error: null; }' is not assignable to parameter of type 'never'.
tests/audio/integration.test.ts(719,61): error TS2345: Argument of type '{ data: { user: { id: string; }; }; error: null; }' is not assignable to parameter of type 'never'.
tests/audio/integration.test.ts(725,46): error TS2345: Argument of type '{ data: { id: string; user_id: string; voice_provider: string; voice_id: string; voice_settings: { rate: number; pitch: number; }; welcome_audio_url: null; }; error: null; }' is not assignable to parameter of type 'never'.
tests/audio/integration.test.ts(731,46): error TS2345: Argument of type '{ data: null; error: { message: string; }; }' is not assignable to parameter of type 'never'.
tests/audio/integration.test.ts(737,46): error TS2345: Argument of type '{ error: null; }' is not assignable to parameter of type 'never'.
tests/audio/integration.test.ts(777,46): error TS2345: Argument of type '{ data: { user_id: string; }; error: null; }' is not assignable to parameter of type 'never'.
tests/audio/integration.test.ts(783,46): error TS2345: Argument of type '{ data: { welcome_audio_url: string; id: string; user_id: string; voice_provider: string; voice_id: string; voice_settings: { rate: number; pitch: number; }; }; error: null; }' is not assignable to parameter of type 'never'.
tests/audio/integration.test.ts(806,61): error TS2345: Argument of type '{ data: { user: null; }; error: { message: string; }; }' is not assignable to parameter of type 'never'.
tests/audio/integration.test.ts(837,46): error TS2345: Argument of type '{ data: null; error: { message: string; }; }' is not assignable to parameter of type 'never'.
tests/audio/integration.test.ts(856,78): error TS2345: Argument of type '{ data: null; error: { message: string; }; }' is not assignable to parameter of type 'never'.
tests/audio/integration.test.ts(875,46): error TS2345: Argument of type '{ data: { user_id: string; }; error: null; }' is not assignable to parameter of type 'never'.
tests/audio/integration.test.ts(894,46): error TS2345: Argument of type '{ data: { id: string; audio_url: string; access_count: number; last_accessed_at: string; created_at: string; file_size_bytes: number; duration_seconds: number; }; error: null; }' is not assignable to parameter of type 'never'.
tests/audio/integration.test.ts(898,74): error TS2345: Argument of type '{ error: null; }' is not assignable to parameter of type 'never'.
tests/audio/integration.test.ts(911,42): error TS2345: Argument of type '{ data: { id: string; user_id: string; voice_provider: string; voice_id: string; voice_settings: { rate: number; pitch: number; }; welcome_audio_url: null; }; error: null; }' is not assignable to parameter of type 'never'.
tests/audio/integration.test.ts(972,46): error TS2345: Argument of type '{ data: { id: string; user_id: string; voice_provider: string; voice_id: string; voice_settings: { rate: number; pitch: number; }; welcome_audio_url: null; }; error: null; }' is not assignable to parameter of type 'never'.
tests/audio/integration.test.ts(991,46): error TS2345: Argument of type '{ data: null; error: { message: string; }; }' is not assignable to parameter of type 'never'.
tests/audio/kokoro.test.ts(7,1): error TS2322: Type 'Mock<UnknownFunction>' is not assignable to type '{ (input: URL | RequestInfo, init?: RequestInit | undefined): Promise<Response>; (input: string | Request | URL, init?: RequestInit | undefined): Promise<...>; }'.
  Type 'unknown' is not assignable to type 'Promise<Response>'.
tests/audio/kokoro.test.ts(24,55): error TS2345: Argument of type '{ ok: boolean; arrayBuffer: () => Promise<ArrayBuffer>; }' is not assignable to parameter of type 'never'.
tests/audio/kokoro.test.ts(44,55): error TS2345: Argument of type '{ ok: boolean; status: number; statusText: string; }' is not assignable to parameter of type 'never'.
tests/audio/kokoro.test.ts(63,55): error TS2345: Argument of type '{ ok: boolean; }' is not assignable to parameter of type 'never'.
tests/audio/performance.test.ts(42,55): error TS2345: Argument of type '{ ok: boolean; json: () => Promise<{ ShortName: string; FriendlyName: string; Locale: string; Gender: string; }[]>; }' is not assignable to parameter of type 'never'.
tests/test-utils.ts(29,39): error TS7006: Parameter 'v' implicitly has an 'any' type.
tests/test-utils.ts(29,42): error TS7006: Parameter 'k' implicitly has an 'any' type.
